-------------------------------------------------------------------------------
Test set: com.alta.ecommerce.HttpRequestTest
-------------------------------------------------------------------------------
Tests run: 1, Failures: 1, Errors: 0, Skipped: 0, Time elapsed: 16.943 s <<< FAILURE! - in com.alta.ecommerce.HttpRequestTest
greetingShouldReturnDefaultMessage  Time elapsed: 1.097 s  <<< FAILURE!
org.opentest4j.AssertionFailedError: 

expected: 2
but was : 1
	at com.alta.ecommerce.HttpRequestTest.greetingShouldReturnDefaultMessage(HttpRequestTest.java:41)

