<?xml version="1.0" encoding="UTF-8"?>
<testsuite xmlns:xsi="http://www.w3.org/2001/XMLSchema-instance" xsi:noNamespaceSchemaLocation="https://maven.apache.org/surefire/maven-surefire-plugin/xsd/surefire-test-report.xsd" name="com.alta.ecommerce.HttpRequestTest" time="16.943" tests="1" errors="0" skipped="0" failures="1">
  <properties>
[...]
</properties>
  <testcase name="greetingShouldReturnDefaultMessage" classname="com.alta.ecommerce.HttpRequestTest" time="1.097">
    <failure message="&#10;expected: 2&#10;but was : 1" type="org.opentest4j.AssertionFailedError">org.opentest4j.AssertionFailedError: 

expected: 2
but was : 1
	at com.alta.ecommerce.HttpRequestTest.greetingShouldReturnDefaultMessage(HttpRequestTest.java:41)
</failure>
    <system-out><![CDATA[10:36:41.819 [main] DEBUG org.springframework.test.context.BootstrapUtils - Instantiating CacheAwareContextLoaderDelegate from class [org.springframework.test.context.cache.DefaultCacheAwareContextLoaderDelegate]
10:36:41.844 [main] DEBUG org.springframework.test.context.BootstrapUtils - Instantiating BootstrapContext using constructor [public org.springframework.test.context.support.DefaultBootstrapContext(java.lang.Class,org.springframework.test.context.CacheAwareContextLoaderDelegate)]
10:36:41.910 [main] DEBUG org.springframework.test.context.BootstrapUtils - Instantiating TestContextBootstrapper for test class [com.alta.ecommerce.HttpRequestTest] from class [org.springframework.boot.test.context.SpringBootTestContextBootstrapper]
10:36:41.927 [main] INFO org.springframework.boot.test.context.SpringBootTestContextBootstrapper - Neither @ContextConfiguration nor @ContextHierarchy found for test class [com.alta.ecommerce.HttpRequestTest], using SpringBootContextLoader
10:36:41.933 [main] DEBUG org.springframework.test.context.support.AbstractContextLoader - Did not detect default resource location for test class [com.alta.ecommerce.HttpRequestTest]: class path resource [com/alta/ecommerce/HttpRequestTest-context.xml] does not exist
10:36:41.934 [main] DEBUG org.springframework.test.context.support.AbstractContextLoader - Did not detect default resource location for test class [com.alta.ecommerce.HttpRequestTest]: class path resource [com/alta/ecommerce/HttpRequestTestContext.groovy] does not exist
10:36:41.935 [main] INFO org.springframework.test.context.support.AbstractContextLoader - Could not detect default resource locations for test class [com.alta.ecommerce.HttpRequestTest]: no resource found for suffixes {-context.xml, Context.groovy}.
10:36:41.936 [main] INFO org.springframework.test.context.support.AnnotationConfigContextLoaderUtils - Could not detect default configuration classes for test class [com.alta.ecommerce.HttpRequestTest]: HttpRequestTest does not declare any static, non-private, non-final, nested classes annotated with @Configuration.
10:36:42.023 [main] DEBUG org.springframework.test.context.support.ActiveProfilesUtils - Could not find an 'annotation declaring class' for annotation type [org.springframework.test.context.ActiveProfiles] and class [com.alta.ecommerce.HttpRequestTest]
10:36:42.132 [main] DEBUG org.springframework.context.annotation.ClassPathScanningCandidateComponentProvider - Identified candidate component class: file [/home/raf/Documents/final project/ecommerce-youtube-cart (1)/ecommerce-youtube-cart/target/classes/com/alta/ecommerce/EcommerceApplication.class]
10:36:42.134 [main] INFO org.springframework.boot.test.context.SpringBootTestContextBootstrapper - Found @SpringBootConfiguration com.alta.ecommerce.EcommerceApplication for test class com.alta.ecommerce.HttpRequestTest
10:36:42.283 [main] DEBUG org.springframework.boot.test.context.SpringBootTestContextBootstrapper - @TestExecutionListeners is not present for class [com.alta.ecommerce.HttpRequestTest]: using defaults.
10:36:42.284 [main] INFO org.springframework.boot.test.context.SpringBootTestContextBootstrapper - Loaded default TestExecutionListener class names from location [META-INF/spring.factories]: [org.springframework.boot.test.mock.mockito.MockitoTestExecutionListener, org.springframework.boot.test.mock.mockito.ResetMocksTestExecutionListener, org.springframework.boot.test.autoconfigure.restdocs.RestDocsTestExecutionListener, org.springframework.boot.test.autoconfigure.web.client.MockRestServiceServerResetTestExecutionListener, org.springframework.boot.test.autoconfigure.web.servlet.MockMvcPrintOnlyOnFailureTestExecutionListener, org.springframework.boot.test.autoconfigure.web.servlet.WebDriverTestExecutionListener, org.springframework.boot.test.autoconfigure.webservices.client.MockWebServiceServerTestExecutionListener, org.springframework.test.context.web.ServletTestExecutionListener, org.springframework.test.context.support.DirtiesContextBeforeModesTestExecutionListener, org.springframework.test.context.event.ApplicationEventsTestExecutionListener, org.springframework.test.context.support.DependencyInjectionTestExecutionListener, org.springframework.test.context.support.DirtiesContextTestExecutionListener, org.springframework.test.context.transaction.TransactionalTestExecutionListener, org.springframework.test.context.jdbc.SqlScriptsTestExecutionListener, org.springframework.test.context.event.EventPublishingTestExecutionListener]
10:36:42.305 [main] INFO org.springframework.boot.test.context.SpringBootTestContextBootstrapper - Using TestExecutionListeners: [org.springframework.test.context.web.ServletTestExecutionListener@3e74829, org.springframework.test.context.support.DirtiesContextBeforeModesTestExecutionListener@4f6f416f, org.springframework.test.context.event.ApplicationEventsTestExecutionListener@3b8f0a79, org.springframework.boot.test.mock.mockito.MockitoTestExecutionListener@71e693fa, org.springframework.boot.test.autoconfigure.SpringBootDependencyInjectionTestExecutionListener@48793bef, org.springframework.test.context.support.DirtiesContextTestExecutionListener@7d286fb6, org.springframework.test.context.transaction.TransactionalTestExecutionListener@3eb77ea8, org.springframework.test.context.jdbc.SqlScriptsTestExecutionListener@7b8b43c7, org.springframework.test.context.event.EventPublishingTestExecutionListener@7aaca91a, org.springframework.boot.test.mock.mockito.ResetMocksTestExecutionListener@44c73c26, org.springframework.boot.test.autoconfigure.restdocs.RestDocsTestExecutionListener@41005828, org.springframework.boot.test.autoconfigure.web.client.MockRestServiceServerResetTestExecutionListener@60b4beb4, org.springframework.boot.test.autoconfigure.web.servlet.MockMvcPrintOnlyOnFailureTestExecutionListener@7fcf2fc1, org.springframework.boot.test.autoconfigure.web.servlet.WebDriverTestExecutionListener@2141a12, org.springframework.boot.test.autoconfigure.webservices.client.MockWebServiceServerTestExecutionListener@4196c360]
10:36:42.311 [main] DEBUG org.springframework.test.context.support.AbstractDirtiesContextTestExecutionListener - Before test class: context [DefaultTestContext@20f5281c testClass = HttpRequestTest, testInstance = [null], testMethod = [null], testException = [null], mergedContextConfiguration = [WebMergedContextConfiguration@56c4278e testClass = HttpRequestTest, locations = '{}', classes = '{class com.alta.ecommerce.EcommerceApplication}', contextInitializerClasses = '[]', activeProfiles = '{}', propertySourceLocations = '{}', propertySourceProperties = '{org.springframework.boot.test.context.SpringBootTestContextBootstrapper=true, server.port=0}', contextCustomizers = set[org.springframework.boot.test.context.filter.ExcludeFilterContextCustomizer@4cc8eb05, org.springframework.boot.test.json.DuplicateJsonObjectContextCustomizerFactory$DuplicateJsonObjectContextCustomizer@1f97cf0d, org.springframework.boot.test.mock.mockito.MockitoContextCustomizer@0, org.springframework.boot.test.web.client.TestRestTemplateContextCustomizer@378542de, org.springframework.boot.test.autoconfigure.actuate.metrics.MetricsExportContextCustomizerFactory$DisableMetricExportContextCustomizer@4e7912d8, org.springframework.boot.test.autoconfigure.properties.PropertyMappingContextCustomizer@0, org.springframework.boot.test.autoconfigure.web.servlet.WebDriverContextCustomizerFactory$Customizer@22e357dc, org.springframework.boot.test.context.SpringBootTestArgs@1, org.springframework.boot.test.context.SpringBootTestWebEnvironment@1d29cf23], resourceBasePath = 'src/main/webapp', contextLoader = 'org.springframework.boot.test.context.SpringBootContextLoader', parent = [null]], attributes = map['org.springframework.test.context.web.ServletTestExecutionListener.activateListener' -> false]], class annotated with @DirtiesContext [false] with mode [null].
10:36:42.331 [main] DEBUG org.springframework.test.context.support.DependencyInjectionTestExecutionListener - Performing dependency injection for test context [[DefaultTestContext@20f5281c testClass = HttpRequestTest, testInstance = com.alta.ecommerce.HttpRequestTest@6bc407fd, testMethod = [null], testException = [null], mergedContextConfiguration = [WebMergedContextConfiguration@56c4278e testClass = HttpRequestTest, locations = '{}', classes = '{class com.alta.ecommerce.EcommerceApplication}', contextInitializerClasses = '[]', activeProfiles = '{}', propertySourceLocations = '{}', propertySourceProperties = '{org.springframework.boot.test.context.SpringBootTestContextBootstrapper=true, server.port=0}', contextCustomizers = set[org.springframework.boot.test.context.filter.ExcludeFilterContextCustomizer@4cc8eb05, org.springframework.boot.test.json.DuplicateJsonObjectContextCustomizerFactory$DuplicateJsonObjectContextCustomizer@1f97cf0d, org.springframework.boot.test.mock.mockito.MockitoContextCustomizer@0, org.springframework.boot.test.web.client.TestRestTemplateContextCustomizer@378542de, org.springframework.boot.test.autoconfigure.actuate.metrics.MetricsExportContextCustomizerFactory$DisableMetricExportContextCustomizer@4e7912d8, org.springframework.boot.test.autoconfigure.properties.PropertyMappingContextCustomizer@0, org.springframework.boot.test.autoconfigure.web.servlet.WebDriverContextCustomizerFactory$Customizer@22e357dc, org.springframework.boot.test.context.SpringBootTestArgs@1, org.springframework.boot.test.context.SpringBootTestWebEnvironment@1d29cf23], resourceBasePath = 'src/main/webapp', contextLoader = 'org.springframework.boot.test.context.SpringBootContextLoader', parent = [null]], attributes = map['org.springframework.test.context.web.ServletTestExecutionListener.activateListener' -> false, 'org.springframework.test.context.event.ApplicationEventsTestExecutionListener.recordApplicationEvents' -> false]]].
10:36:42.379 [main] DEBUG org.springframework.test.context.support.TestPropertySourceUtils - Adding inlined properties to environment: {spring.jmx.enabled=false, org.springframework.boot.test.context.SpringBootTestContextBootstrapper=true, server.port=0}

  .   ____          _            __ _ _
 /\\ / ___'_ __ _ _(_)_ __  __ _ \ \ \ \
( ( )\___ | '_ | '_| | '_ \/ _` | \ \ \ \
 \\/  ___)| |_)| | | | | || (_| |  ) ) ) )
  '  |____| .__|_| |_|_| |_\__, | / / / /
 =========|_|==============|___/=/_/_/_/
 :: Spring Boot ::                (v2.5.4)

2022-05-20 10:36:42.889  INFO 11808 --- [           main] com.alta.ecommerce.HttpRequestTest       : Starting HttpRequestTest using Java 11.0.15 on raf-Satellite-C840 with PID 11808 (started by raf in /home/raf/Documents/final project/ecommerce-youtube-cart (1)/ecommerce-youtube-cart)
2022-05-20 10:36:42.895  INFO 11808 --- [           main] com.alta.ecommerce.HttpRequestTest       : No active profile set, falling back to default profiles: default
2022-05-20 10:36:44.530  INFO 11808 --- [           main] .s.d.r.c.RepositoryConfigurationDelegate : Bootstrapping Spring Data JPA repositories in DEFAULT mode.
2022-05-20 10:36:44.629  INFO 11808 --- [           main] .s.d.r.c.RepositoryConfigurationDelegate : Finished Spring Data repository scanning in 86 ms. Found 6 JPA repository interfaces.
2022-05-20 10:36:45.632  INFO 11808 --- [           main] o.s.b.w.embedded.tomcat.TomcatWebServer  : Tomcat initialized with port(s): 0 (http)
2022-05-20 10:36:45.645  INFO 11808 --- [           main] o.apache.catalina.core.StandardService   : Starting service [Tomcat]
2022-05-20 10:36:45.646  INFO 11808 --- [           main] org.apache.catalina.core.StandardEngine  : Starting Servlet engine: [Apache Tomcat/9.0.52]
2022-05-20 10:36:45.759  INFO 11808 --- [           main] o.a.c.c.C.[Tomcat].[localhost].[/]       : Initializing Spring embedded WebApplicationContext
2022-05-20 10:36:45.759  INFO 11808 --- [           main] w.s.c.ServletWebServerApplicationContext : Root WebApplicationContext: initialization completed in 2829 ms
2022-05-20 10:36:46.115  INFO 11808 --- [           main] o.hibernate.jpa.internal.util.LogHelper  : HHH000204: Processing PersistenceUnitInfo [name: default]
2022-05-20 10:36:46.187  INFO 11808 --- [           main] org.hibernate.Version                    : HHH000412: Hibernate ORM core version 5.4.32.Final
2022-05-20 10:36:46.460  INFO 11808 --- [           main] o.hibernate.annotations.common.Version   : HCANN000001: Hibernate Commons Annotations {5.1.2.Final}
2022-05-20 10:36:46.594  INFO 11808 --- [           main] com.zaxxer.hikari.HikariDataSource       : HikariPool-1 - Starting...
2022-05-20 10:36:51.198  INFO 11808 --- [           main] com.zaxxer.hikari.HikariDataSource       : HikariPool-1 - Start completed.
2022-05-20 10:36:51.250  INFO 11808 --- [           main] org.hibernate.dialect.Dialect            : HHH000400: Using dialect: org.hibernate.dialect.MySQL8Dialect
2022-05-20 10:36:54.330  INFO 11808 --- [           main] o.h.e.t.j.p.i.JtaPlatformInitiator       : HHH000490: Using JtaPlatform implementation: [org.hibernate.engine.transaction.jta.platform.internal.NoJtaPlatform]
2022-05-20 10:36:54.346  INFO 11808 --- [           main] j.LocalContainerEntityManagerFactoryBean : Initialized JPA EntityManagerFactory for persistence unit 'default'
2022-05-20 10:36:55.842  WARN 11808 --- [           main] JpaBaseConfiguration$JpaWebConfiguration : spring.jpa.open-in-view is enabled by default. Therefore, database queries may be performed during view rendering. Explicitly configure spring.jpa.open-in-view to disable this warning
2022-05-20 10:36:56.342  INFO 11808 --- [           main] pertySourcedRequestMappingHandlerMapping : Mapped URL path [/v2/api-docs] onto method [springfox.documentation.swagger2.web.Swagger2Controller#getDocumentation(String, HttpServletRequest)]
2022-05-20 10:36:57.184  INFO 11808 --- [           main] o.s.b.w.embedded.tomcat.TomcatWebServer  : Tomcat started on port(s): 38713 (http) with context path ''
2022-05-20 10:36:57.185  INFO 11808 --- [           main] d.s.w.p.DocumentationPluginsBootstrapper : Context refreshed
2022-05-20 10:36:57.212  INFO 11808 --- [           main] d.s.w.p.DocumentationPluginsBootstrapper : Found 1 custom documentation plugin(s)
2022-05-20 10:36:57.247  INFO 11808 --- [           main] s.d.s.w.s.ApiListingReferenceScanner     : Scanning for api listing references
2022-05-20 10:36:57.514  INFO 11808 --- [           main] com.alta.ecommerce.HttpRequestTest       : Started HttpRequestTest in 15.132 seconds (JVM running for 16.852)
2022-05-20 10:36:57.732  INFO 11808 --- [o-auto-1-exec-1] o.a.c.c.C.[Tomcat].[localhost].[/]       : Initializing Spring DispatcherServlet 'dispatcherServlet'
2022-05-20 10:36:57.733  INFO 11808 --- [o-auto-1-exec-1] o.s.web.servlet.DispatcherServlet        : Initializing Servlet 'dispatcherServlet'
2022-05-20 10:36:57.735  INFO 11808 --- [o-auto-1-exec-1] o.s.web.servlet.DispatcherServlet        : Completed initialization in 2 ms
]]></system-out>
  </testcase>
</testsuite>